logger，searchUrl: http://61.172.249.230:8080/mas/downma/queryDownmaPager.xhtml
NullPointerException: 
logger，searchUrl: http://61.172.249.230:8080/mas/downma/queryDownmaPager.xhtml
NullPointerException: 
logger，searchUrl:http://1212.ip138.com/ic.asp
ConnectException: Connection timed out: connect
logger，searchUrl:http://1212.ip138.com/ic.asp
ConnectException: Connection timed out: connect
logger，searchUrl:http://1212.ip138.com/ic.asp
ConnectException: Connection timed out: connect
logger，searchUrl:http://1212.ip138.com/ic.asp
ConnectException: Connection timed out: connect
logger，searchUrl:http://1212.ip138.com/ic.asp
ConnectException: Connection timed out: connect
logger，searchUrl:http://1212.ip138.com/ic.asp
ConnectException: Connection timed out: connect
logger，searchUrl:http://1212.ip138.com/ic.asp
ConnectException: Connection timed out: connect
logger，searchUrl:http://1212.ip138.com/ic.asp
ConnectException: Connection timed out: connect
logger，searchUrl:http://1212.ip138.com/ic.asp
ConnectException: Connection timed out: connect
logger，searchUrl:http://1212.ip138.com/ic.asp
ConnectException: Connection timed out: connect
logger，searchUrl:http://1212.ip138.com/ic.asp
ConnectException: Connection refused: connect
